C:\Users\Techbit\Music\ClientAppSample\dist\out-tsc\e2e\app.po.js
C:\Users\Techbit\Music\ClientAppSample\dist\out-tsc\e2e\app.po.js.map
C:\Users\Techbit\Music\ClientAppSample\dist\out-tsc\e2e\app.e2e-spec.js
C:\Users\Techbit\Music\ClientAppSample\dist\out-tsc\e2e\app.e2e-spec.js.map
C:\Users\Techbit\Music\ClientAppSample\dist\out-tsc\src\app\layout\layout.component.js
C:\Users\Techbit\Music\ClientAppSample\dist\out-tsc\src\app\layout\layout.component.js.map
C:\Users\Techbit\Music\ClientAppSample\dist\out-tsc\src\app\home\home.component.js
C:\Users\Techbit\Music\ClientAppSample\dist\out-tsc\src\app\home\home.component.js.map
C:\Users\Techbit\Music\ClientAppSample\dist\out-tsc\src\app\contact\contact.component.js
C:\Users\Techbit\Music\ClientAppSample\dist\out-tsc\src\app\contact\contact.component.js.map
C:\Users\Techbit\Music\ClientAppSample\dist\out-tsc\src\app\about\about.component.js
C:\Users\Techbit\Music\ClientAppSample\dist\out-tsc\src\app\about\about.component.js.map
C:\Users\Techbit\Music\ClientAppSample\dist\out-tsc\src\app\model\event-form-model.model.js
C:\Users\Techbit\Music\ClientAppSample\dist\out-tsc\src\app\model\event-form-model.model.js.map
C:\Users\Techbit\Music\ClientAppSample\dist\out-tsc\src\app\appConstants.js
C:\Users\Techbit\Music\ClientAppSample\dist\out-tsc\src\app\appConstants.js.map
C:\Users\Techbit\Music\ClientAppSample\dist\out-tsc\src\app\services\event-service.service.js
C:\Users\Techbit\Music\ClientAppSample\dist\out-tsc\src\app\services\event-service.service.js.map
C:\Users\Techbit\Music\ClientAppSample\dist\out-tsc\src\app\event\event.component.js
C:\Users\Techbit\Music\ClientAppSample\dist\out-tsc\src\app\event\event.component.js.map
C:\Users\Techbit\Music\ClientAppSample\dist\out-tsc\src\app\event\edit-event\edit-event.component.js
C:\Users\Techbit\Music\ClientAppSample\dist\out-tsc\src\app\event\edit-event\edit-event.component.js.map
C:\Users\Techbit\Music\ClientAppSample\dist\out-tsc\src\app\event\view-event\view-event.component.js
C:\Users\Techbit\Music\ClientAppSample\dist\out-tsc\src\app\event\view-event\view-event.component.js.map
C:\Users\Techbit\Music\ClientAppSample\dist\out-tsc\src\app\event\add-event\add-event.component.js
C:\Users\Techbit\Music\ClientAppSample\dist\out-tsc\src\app\event\add-event\add-event.component.js.map
C:\Users\Techbit\Music\ClientAppSample\dist\out-tsc\src\app\event\event-module\event-module.component.js
C:\Users\Techbit\Music\ClientAppSample\dist\out-tsc\src\app\event\event-module\event-module.component.js.map
C:\Users\Techbit\Music\ClientAppSample\dist\out-tsc\src\app\app-routing.module.js
C:\Users\Techbit\Music\ClientAppSample\dist\out-tsc\src\app\app-routing.module.js.map
C:\Users\Techbit\Music\ClientAppSample\dist\out-tsc\src\app\app.component.js
C:\Users\Techbit\Music\ClientAppSample\dist\out-tsc\src\app\app.component.js.map
C:\Users\Techbit\Music\ClientAppSample\dist\out-tsc\src\app\layout\header\header.component.js
C:\Users\Techbit\Music\ClientAppSample\dist\out-tsc\src\app\layout\header\header.component.js.map
C:\Users\Techbit\Music\ClientAppSample\dist\out-tsc\src\app\layout\footer\footer.component.js
C:\Users\Techbit\Music\ClientAppSample\dist\out-tsc\src\app\layout\footer\footer.component.js.map
C:\Users\Techbit\Music\ClientAppSample\dist\out-tsc\src\app\app.module.js
C:\Users\Techbit\Music\ClientAppSample\dist\out-tsc\src\app\app.module.js.map
C:\Users\Techbit\Music\ClientAppSample\dist\out-tsc\src\environments\environment.js
C:\Users\Techbit\Music\ClientAppSample\dist\out-tsc\src\environments\environment.js.map
C:\Users\Techbit\Music\ClientAppSample\dist\out-tsc\src\main.js
C:\Users\Techbit\Music\ClientAppSample\dist\out-tsc\src\main.js.map
C:\Users\Techbit\Music\ClientAppSample\dist\out-tsc\src\polyfills.js
C:\Users\Techbit\Music\ClientAppSample\dist\out-tsc\src\polyfills.js.map
C:\Users\Techbit\Music\ClientAppSample\dist\out-tsc\src\test.js
C:\Users\Techbit\Music\ClientAppSample\dist\out-tsc\src\test.js.map
C:\Users\Techbit\Music\ClientAppSample\dist\out-tsc\src\app\app.component.spec.js
C:\Users\Techbit\Music\ClientAppSample\dist\out-tsc\src\app\app.component.spec.js.map
C:\Users\Techbit\Music\ClientAppSample\dist\out-tsc\src\app\app.routing.module.spec.js
C:\Users\Techbit\Music\ClientAppSample\dist\out-tsc\src\app\app.routing.module.spec.js.map
C:\Users\Techbit\Music\ClientAppSample\dist\out-tsc\src\environments\environment.prod.js
C:\Users\Techbit\Music\ClientAppSample\dist\out-tsc\src\environments\environment.prod.js.map
C:\Users\Techbit\Music\ClientAppSample\dist\out-tsc\src\app\about\about.component.spec.js
C:\Users\Techbit\Music\ClientAppSample\dist\out-tsc\src\app\about\about.component.spec.js.map
C:\Users\Techbit\Music\ClientAppSample\dist\out-tsc\src\app\contact\contact.component.spec.js
C:\Users\Techbit\Music\ClientAppSample\dist\out-tsc\src\app\contact\contact.component.spec.js.map
C:\Users\Techbit\Music\ClientAppSample\dist\out-tsc\src\app\event\event.component.spec.js
C:\Users\Techbit\Music\ClientAppSample\dist\out-tsc\src\app\event\event.component.spec.js.map
C:\Users\Techbit\Music\ClientAppSample\dist\out-tsc\src\app\home\home.component.spec.js
C:\Users\Techbit\Music\ClientAppSample\dist\out-tsc\src\app\home\home.component.spec.js.map
C:\Users\Techbit\Music\ClientAppSample\dist\out-tsc\src\app\layout\layout.component.spec.js
C:\Users\Techbit\Music\ClientAppSample\dist\out-tsc\src\app\layout\layout.component.spec.js.map
C:\Users\Techbit\Music\ClientAppSample\dist\out-tsc\src\app\services\event-service.service.spec.js
C:\Users\Techbit\Music\ClientAppSample\dist\out-tsc\src\app\services\event-service.service.spec.js.map
C:\Users\Techbit\Music\ClientAppSample\dist\out-tsc\src\app\event\add-event\add-event.component.spec.js
C:\Users\Techbit\Music\ClientAppSample\dist\out-tsc\src\app\event\add-event\add-event.component.spec.js.map
C:\Users\Techbit\Music\ClientAppSample\dist\out-tsc\src\app\event\edit-event\edit-event.component.spec.js
C:\Users\Techbit\Music\ClientAppSample\dist\out-tsc\src\app\event\edit-event\edit-event.component.spec.js.map
C:\Users\Techbit\Music\ClientAppSample\dist\out-tsc\src\app\event\event-module\event-module.component.spec.js
C:\Users\Techbit\Music\ClientAppSample\dist\out-tsc\src\app\event\event-module\event-module.component.spec.js.map
C:\Users\Techbit\Music\ClientAppSample\dist\out-tsc\src\app\event\view-event\view-event.component.spec.js
C:\Users\Techbit\Music\ClientAppSample\dist\out-tsc\src\app\event\view-event\view-event.component.spec.js.map
C:\Users\Techbit\Music\ClientAppSample\dist\out-tsc\src\app\layout\footer\footer.component.spec.js
C:\Users\Techbit\Music\ClientAppSample\dist\out-tsc\src\app\layout\footer\footer.component.spec.js.map
C:\Users\Techbit\Music\ClientAppSample\dist\out-tsc\src\app\layout\header\header.component.spec.js
C:\Users\Techbit\Music\ClientAppSample\dist\out-tsc\src\app\layout\header\header.component.spec.js.map
